<?xml version="1.0" encoding="UTF-8"?>
<!-- Generated by org.testng.reporters.JUnitReportReporter -->
<testsuite hostname="DESKTOP-BIQLO6L" failures="0" tests="1" name="com.test.DemoTest" time="0.082" errors="0" timestamp="2023-04-30T17:38:34 IST" skipped="0">
  <testcase classname="com.test.DemoTest" name="test01" time="0.082"/>
  <system-out/>
</testsuite> <!-- com.test.DemoTest -->
